<?xml version="1.0" encoding="UTF-8"?>
<!-- Generated by org.testng.reporters.JUnitReportReporter -->
<testsuite hostname="DESKTOP-B64QDB1" failures="0" tests="6" name="TestCases.CompareIphonePriceFlipAndAmazon" time="27.492" errors="0" timestamp="2020-12-15T17:04:04 IST" skipped="0">
  <testcase classname="TestCases.CompareIphonePriceFlipAndAmazon" name="verifyAmazonTitlePageTest" time="0.229"/>
  <system-out/>
  <testcase classname="TestCases.CompareIphonePriceFlipAndAmazon" name="searchItemTest" time="2.818"/>
  <system-out/>
  <testcase classname="TestCases.CompareIphonePriceFlipAndAmazon" name="selectAppleIphone" time="0.524"/>
  <system-out/>
  <testcase classname="TestCases.CompareIphonePriceFlipAndAmazon" name="getPrice" time="4.293"/>
  <system-out/>
  <testcase classname="TestCases.CompareIphonePriceFlipAndAmazon" name="nevigateToFlipkartFormAzazon" time="19.624"/>
  <system-out/>
  <testcase classname="TestCases.CompareIphonePriceFlipAndAmazon" name="comparePrice1" time="0.004"/>
  <system-out/>
</testsuite> <!-- TestCases.CompareIphonePriceFlipAndAmazon -->
