<?xml version="1.0" encoding="UTF-8"?>
<!-- Generated by org.testng.reporters.JUnitReportReporter -->
<testsuite hostname="DESKTOP-B64QDB1" failures="0" tests="1" name="Academy.SdetProject.AppTest" time="0.012" errors="0" timestamp="2020-12-15T07:26:45 IST" skipped="0">
  <testcase classname="Academy.SdetProject.AppTest" name="shouldAnswerWithTrue" time="0.012"/>
  <system-out/>
</testsuite> <!-- Academy.SdetProject.AppTest -->
